This is pdfTeX, Version 3.1415926-1.40.11 (MiKTeX 2.9 64-bit) (preloaded format=latex 2011.6.2)  7 FEB 2012 13:54
entering extended mode
**NSFmaster.tex
(C:\andres\Code\eclipseWorkspace\nsfproposaltemplate\NSFmaster.tex
LaTeX2e <2009/09/24>
Babel <v3.8l> and hyphenation patterns for english, afrikaans, ancientgreek, ar
abic, armenian, assamese, basque, bengali, bokmal, bulgarian, catalan, coptic, 
croatian, czech, danish, dutch, esperanto, estonian, farsi, finnish, french, ga
lician, german, german-x-2009-06-19, greek, gujarati, hindi, hungarian, iceland
ic, indonesian, interlingua, irish, italian, kannada, kurmanji, lao, latin, lat
vian, lithuanian, malayalam, marathi, mongolian, mongolianlmc, monogreek, ngerm
an, ngerman-x-2009-06-19, nynorsk, oriya, panjabi, pinyin, polish, portuguese, 
romanian, russian, sanskrit, serbian, slovak, slovenian, spanish, swedish, swis
sgerman, tamil, telugu, turkish, turkmen, ukenglish, ukrainian, uppersorbian, u
senglishmax, welsh, loaded.
("C:\Program Files\MiKTeX 2.9\tex\latex\base\article.cls"
Document Class: article 2007/10/19 v1.4h Standard LaTeX document class
("C:\Program Files\MiKTeX 2.9\tex\latex\base\size11.clo"
File: size11.clo 2007/10/19 v1.4h Standard LaTeX file (size option)
)
\c@part=\count79
\c@section=\count80
\c@subsection=\count81
\c@subsubsection=\count82
\c@paragraph=\count83
\c@subparagraph=\count84
\c@figure=\count85
\c@table=\count86
\abovecaptionskip=\skip41
\belowcaptionskip=\skip42
\bibindent=\dimen102
)
("C:\Program Files\MiKTeX 2.9\tex\latex\amsfonts\amssymb.sty"
Package: amssymb 2009/06/22 v3.00

("C:\Program Files\MiKTeX 2.9\tex\latex\amsfonts\amsfonts.sty"
Package: amsfonts 2009/06/22 v3.00 Basic AMSFonts support
\@emptytoks=\toks14
\symAMSa=\mathgroup4
\symAMSb=\mathgroup5
LaTeX Font Info:    Overwriting math alphabet `\mathfrak' in version `bold'
(Font)                  U/euf/m/n --> U/euf/b/n on input line 96.
))
("C:\Program Files\MiKTeX 2.9\tex\latex\ams\math\amsmath.sty"
Package: amsmath 2000/07/18 v2.13 AMS math features
\@mathmargin=\skip43

For additional information on amsmath, use the `?' option.
("C:\Program Files\MiKTeX 2.9\tex\latex\ams\math\amstext.sty"
Package: amstext 2000/06/29 v2.01

("C:\Program Files\MiKTeX 2.9\tex\latex\ams\math\amsgen.sty"
File: amsgen.sty 1999/11/30 v2.0
\@emptytoks=\toks15
\ex@=\dimen103
))
("C:\Program Files\MiKTeX 2.9\tex\latex\ams\math\amsbsy.sty"
Package: amsbsy 1999/11/29 v1.2d
\pmbraise@=\dimen104
)
("C:\Program Files\MiKTeX 2.9\tex\latex\ams\math\amsopn.sty"
Package: amsopn 1999/12/14 v2.01 operator names
)
\inf@bad=\count87
LaTeX Info: Redefining \frac on input line 211.
\uproot@=\count88
\leftroot@=\count89
LaTeX Info: Redefining \overline on input line 307.
\classnum@=\count90
\DOTSCASE@=\count91
LaTeX Info: Redefining \ldots on input line 379.
LaTeX Info: Redefining \dots on input line 382.
LaTeX Info: Redefining \cdots on input line 467.
\Mathstrutbox@=\box26
\strutbox@=\box27
\big@size=\dimen105
LaTeX Font Info:    Redeclaring font encoding OML on input line 567.
LaTeX Font Info:    Redeclaring font encoding OMS on input line 568.
\macc@depth=\count92
\c@MaxMatrixCols=\count93
\dotsspace@=\muskip10
\c@parentequation=\count94
\dspbrk@lvl=\count95
\tag@help=\toks16
\row@=\count96
\column@=\count97
\maxfields@=\count98
\andhelp@=\toks17
\eqnshift@=\dimen106
\alignsep@=\dimen107
\tagshift@=\dimen108
\tagwidth@=\dimen109
\totwidth@=\dimen110
\lineht@=\dimen111
\@envbody=\toks18
\multlinegap=\skip44
\multlinetaggap=\skip45
\mathdisplay@stack=\toks19
LaTeX Info: Redefining \[ on input line 2666.
LaTeX Info: Redefining \] on input line 2667.
)
("C:\Program Files\MiKTeX 2.9\tex\latex\algorithm2e\algorithm2e.sty"
Package: algorithm2e 2008/00/00 v3.10 algorithms environments
\c@AlgoLine=\count99

("C:\Program Files\MiKTeX 2.9\tex\latex\base\ifthen.sty"
Package: ifthen 2001/05/26 v1.1c Standard LaTeX ifthen package (DPC)
)
("C:\Program Files\MiKTeX 2.9\tex\latex\tools\xspace.sty"
Package: xspace 2006/05/08 v1.12 Space after command names (DPC,MH)
)
("C:\Program Files\MiKTeX 2.9\tex\latex\ltxmisc\relsize.sty"
Package: relsize 2003/07/04 ver 3.1
)
********************************************************
Package `algorithm2e' Release 4.01 -- december 14 2009 --
- algorithm2e-announce@lirmm.fr mailing list for announcement about releases
- algorithm2e-discussion@lirmm.fr mailing list for discussion about package
subscribe by emailing sympa@lirmm.fr with 'subscribe <list> <firstname name>'
- Author: Christophe Fiorio (fiorio@lirmm.fr)
********************************************************
\skiptotal=\skip46
\skiplinenumber=\skip47
\skiprule=\skip48
\skiphlne=\skip49
\skiptext=\skip50
\skiplength=\skip51
\algomargin=\skip52
\skipalgocfslide=\skip53
\algowidth=\dimen112
\inoutsize=\dimen113
\inoutline=\dimen114
\interspacetitleruled=\dimen115
\interspacealgoruled=\dimen116
\interspacetitleboxruled=\dimen117
\algocf@inoutbox=\box28
\algocf@inputbox=\box29
\AlCapSkip=\skip54
\AlCapHSkip=\skip55
\algocf@nlbox=\box30
\algocf@hangingbox=\box31
\algocf@capbox=\box32
\algoheightruledefault=\skip56
\algoheightrule=\skip57
\algotitleheightruledefault=\skip58
\algotitleheightrule=\skip59
\c@algocfline=\count100
\c@algocfproc=\count101
\c@algocf=\count102
\algocf@algoframe=\box33
\algocf@algobox=\box34
) ("C:\Program Files\MiKTeX 2.9\tex\latex\graphics\graphicx.sty"
Package: graphicx 1999/02/16 v1.0f Enhanced LaTeX Graphics (DPC,SPQR)

("C:\Program Files\MiKTeX 2.9\tex\latex\graphics\keyval.sty"
Package: keyval 1999/03/16 v1.13 key=value parser (DPC)
\KV@toks@=\toks20
)
("C:\Program Files\MiKTeX 2.9\tex\latex\graphics\graphics.sty"
Package: graphics 2009/02/05 v1.0o Standard LaTeX Graphics (DPC,SPQR)

("C:\Program Files\MiKTeX 2.9\tex\latex\graphics\trig.sty"
Package: trig 1999/03/16 v1.09 sin cos tan (DPC)
)
("C:\Program Files\MiKTeX 2.9\tex\latex\00miktex\graphics.cfg"
File: graphics.cfg 2007/01/18 v1.5 graphics configuration of teTeX/TeXLive
)
Package graphics Info: Driver file: dvips.def on input line 91.

("C:\Program Files\MiKTeX 2.9\tex\latex\graphics\dvips.def"
File: dvips.def 1999/02/16 v3.0i Driver-dependant file (DPC,SPQR)
))
\Gin@req@height=\dimen118
\Gin@req@width=\dimen119
)
("C:\Program Files\MiKTeX 2.9\tex\latex\subfigure\subfigure.sty"
Package: subfigure 2002/07/30 v2.1.4 subfigure package
\subfigtopskip=\skip60
\subfigcapskip=\skip61
\subfigcaptopadj=\dimen120
\subfigbottomskip=\skip62
\subfigcapmargin=\dimen121
\subfiglabelskip=\skip63
\c@subfigure=\count103
\c@lofdepth=\count104
\c@subtable=\count105
\c@lotdepth=\count106

****************************************
* Local config file subfigure.cfg used *
****************************************
("C:\Program Files\MiKTeX 2.9\tex\latex\subfigure\subfigure.cfg")
\subfig@top=\skip64
\subfig@bottom=\skip65
)
("C:\Program Files\MiKTeX 2.9\tex\latex\floatflt\floatflt.sty"
Package: floatflt 1997/07/16 v. 1.31
\c@OptionTest=\count107
\figbox=\box35
\tabbox=\box36
\pagebox=\box37
\ffigcount=\count108
\ftabcount=\count109
\fftest=\count110
\hangcount=\count111
\nosuccesstryfig=\count112
\nosuccesstrytab=\count113
\figgutter=\dimen122
\tabgutter=\dimen123
\htdone=\dimen124
\pageht=\dimen125
\startpageht=\dimen126
\tabbredd=\dimen127
\floatfltwidth=\dimen128
\fltitemwidth=\dimen129
\outputpretest=\toks21
)
("C:\Program Files\MiKTeX 2.9\tex\latex\cite\cite.sty"
LaTeX Info: Redefining \cite on input line 302.
LaTeX Info: Redefining \nocite on input line 373.
Package: cite 2010/09/10  v 5.3
)
(C:\andres\Code\eclipseWorkspace\nsfproposaltemplate\NSFmaster.aux
No file NSFsumm.aux.
(C:\andres\Code\eclipseWorkspace\nsfproposaltemplate\NSFdesc.aux)
No file NSFrefs.aux.
)
LaTeX Font Info:    Checking defaults for OML/cmm/m/it on input line 35.
LaTeX Font Info:    ... okay on input line 35.
LaTeX Font Info:    Checking defaults for T1/cmr/m/n on input line 35.
LaTeX Font Info:    ... okay on input line 35.
LaTeX Font Info:    Checking defaults for OT1/cmr/m/n on input line 35.
LaTeX Font Info:    ... okay on input line 35.
LaTeX Font Info:    Checking defaults for OMS/cmsy/m/n on input line 35.
LaTeX Font Info:    ... okay on input line 35.
LaTeX Font Info:    Checking defaults for OMX/cmex/m/n on input line 35.
LaTeX Font Info:    ... okay on input line 35.
LaTeX Font Info:    Checking defaults for U/cmr/m/n on input line 35.
LaTeX Font Info:    ... okay on input line 35.
 (C:\andres\Code\eclipseWorkspace\nsfproposaltemplate\NSFdesc.tex

LaTeX Warning: Citation `dod' on page 1 undefined on input line 23.


LaTeX Warning: Citation `stefan' on page 1 undefined on input line 23.


LaTeX Warning: Citation `campoy' on page 1 undefined on input line 23.


LaTeX Warning: Citation `mit' on page 1 undefined on input line 23.


LaTeX Warning: Citation `theodore' on page 1 undefined on input line 23.

Missing character: There is no Ò in font cmr10!
Missing character: There is no Ó in font cmr10!

LaTeX Warning: Reference `fig:big_picture' on page 1 undefined on input line 25
.


LaTeX Warning: Reference `fig:uavurban' on page 1 undefined on input line 25.


LaTeX Warning: Citation `uav2009' on page 1 undefined on input line 39.


LaTeX Warning: Citation `rock' on page 1 undefined on input line 39.


LaTeX Warning: Citation `nick1' on page 1 undefined on input line 39.

[1



]

LaTeX Warning: Citation `amidi1996' on page 2 undefined on input line 43.


LaTeX Warning: Citation `corke' on page 2 undefined on input line 43.


LaTeX Warning: Citation `webb2007' on page 2 undefined on input line 43.


LaTeX Warning: Citation `watkins2005' on page 2 undefined on input line 43.


LaTeX Warning: Citation `diel2005' on page 2 undefined on input line 43.


LaTeX Warning: Citation `kanade2004' on page 2 undefined on input line 43.


LaTeX Warning: Citation `sik2008' on page 2 undefined on input line 43.


LaTeX Warning: Citation `wu2005' on page 2 undefined on input line 43.


LaTeX Warning: Citation `ascending' on page 2 undefined on input line 43.


LaTeX Warning: Citation `nick1' on page 2 undefined on input line 43.


LaTeX Warning: Citation `flowers' on page 2 undefined on input line 43.


LaTeX Warning: Citation `langelaan' on page 2 undefined on input line 43.


LaTeX Warning: Citation `frew' on page 2 undefined on input line 43.


LaTeX Warning: Citation `edwards2007' on page 2 undefined on input line 43.


LaTeX Warning: Citation `proctor2006' on page 2 undefined on input line 43.


LaTeX Warning: Citation `kurdila2004' on page 2 undefined on input line 43.


LaTeX Warning: Citation `johnson2007' on page 2 undefined on input line 43.


LaTeX Warning: Citation `ettinger2002' on page 2 undefined on input line 43.


LaTeX Warning: Citation `cpc2006' on page 2 undefined on input line 43.


LaTeX Warning: Citation `cpc2007' on page 2 undefined on input line 43.


LaTeX Warning: Citation `bazin2008' on page 2 undefined on input line 43.


LaTeX Warning: Citation `taylor2003' on page 2 undefined on input line 43.


LaTeX Warning: Citation `mukai1999' on page 2 undefined on input line 43.


LaTeX Warning: Citation `okatani2002' on page 2 undefined on input line 43.


LaTeX Warning: Citation `tomono2005' on page 2 undefined on input line 43.


LaTeX Warning: Citation `sift' on page 2 undefined on input line 45.


LaTeX Warning: Citation `surf' on page 2 undefined on input line 45.


LaTeX Warning: Citation `konolidge2006' on page 2 undefined on input line 45.


LaTeX Warning: Citation `konolidge2007' on page 2 undefined on input line 45.

LaTeX Font Info:    Try loading font information for OMS+cmr on input line 51.
("C:\Program Files\MiKTeX 2.9\tex\latex\base\omscmr.fd"
File: omscmr.fd 1999/05/25 v2.5h Standard LaTeX font definitions
)
LaTeX Font Info:    Font shape `OMS/cmr/bx/n' in size <10.95> not available
(Font)              Font shape `OMS/cmsy/b/n' tried instead on input line 51.
 [2]
LaTeX Font Info:    Try loading font information for U+msa on input line 79.

("C:\Program Files\MiKTeX 2.9\tex\latex\amsfonts\umsa.fd"
File: umsa.fd 2009/06/22 v3.00 AMS symbols A
)
LaTeX Font Info:    Try loading font information for U+msb on input line 79.

("C:\Program Files\MiKTeX 2.9\tex\latex\amsfonts\umsb.fd"
File: umsb.fd 2009/06/22 v3.00 AMS symbols B
)

LaTeX Warning: Citation `nick1' on page 3 undefined on input line 81.


LaTeX Warning: Citation `bach2011' on page 3 undefined on input line 81.


LaTeX Warning: Citation `weiss2011' on page 3 undefined on input line 81.

[3]

LaTeX Warning: Citation `lavalle2006' on page 4 undefined on input line 83.


LaTeX Warning: Citation `lavelle2001' on page 4 undefined on input line 83.


LaTeX Warning: Citation `bruce2007' on page 4 undefined on input line 83.


LaTeX Warning: Citation `klt' on page 4 undefined on input line 100.


LaTeX Warning: Citation `tomasi' on page 4 undefined on input line 100.


LaTeX Warning: Citation `baker2004' on page 4 undefined on input line 100.

Missing character: There is no Ò in font cmr10!
Missing character: There is no Ó in font cmr10!

LaTeX Warning: Citation `kehoe2006' on page 4 undefined on input line 114.

Missing character: There is no Ò in font cmr10!
Missing character: There is no Ó in font cmr10!

LaTeX Warning: Citation `soatto1996' on page 4 undefined on input line 114.


LaTeX Warning: Citation `soatto1997' on page 4 undefined on input line 114.


LaTeX Warning: Citation `triggs2000' on page 4 undefined on input line 114.


LaTeX Warning: Citation `zhang1999' on page 4 undefined on input line 114.


LaTeX Warning: Citation `zhang1998' on page 4 undefined on input line 114.


LaTeX Warning: Citation `vedaldi2007' on page 4 undefined on input line 114.


LaTeX Warning: Citation `favaro2002' on page 4 undefined on input line 114.

Missing character: There is no Õ in font cmr10!

LaTeX Warning: Citation `davison2007' on page 4 undefined on input line 114.


LaTeX Warning: Citation `corke2004' on page 4 undefined on input line 114.

[4]

LaTeX Warning: Reference `fig:feature_track' on page 5 undefined on input line 
116.


LaTeX Warning: Citation `shafer' on page 5 undefined on input line 136.


LaTeX Warning: Citation `mathies' on page 5 undefined on input line 136.


LaTeX Warning: Citation `srikthesis' on page 5 undefined on input line 142.


LaTeX Warning: Reference `fig:voonly' on page 5 undefined on input line 168.


LaTeX Warning: Reference `fig:voimu' on page 5 undefined on input line 168.


LaTeX Warning: Citation `nister' on page 5 undefined on input line 169.

[5]

LaTeX Warning: Citation `sriktra2003' on page 6 undefined on input line 180.


LaTeX Warning: Citation `srik2002' on page 6 undefined on input line 180.


LaTeX Warning: Citation `uav2009' on page 6 undefined on input line 180.


LaTeX Warning: Citation `corke' on page 6 undefined on input line 180.


LaTeX Warning: Citation `luis2006' on page 6 undefined on input line 180.


LaTeX Warning: Citation `mars2002' on page 6 undefined on input line 180.


LaTeX Warning: Citation `icra2007' on page 6 undefined on input line 180.


LaTeX Warning: Citation `network2004' on page 6 undefined on input line 180.


LaTeX Warning: Citation `cmu2007' on page 6 undefined on input line 180.


LaTeX Warning: Citation `uav2009' on page 6 undefined on input line 180.


LaTeX Warning: Citation `thrun' on page 6 undefined on input line 203.

[6]

LaTeX Warning: Citation `optimal' on page 7 undefined on input line 225.


LaTeX Warning: Citation `ros' on page 7 undefined on input line 228.


LaTeX Warning: Citation `gazebo' on page 7 undefined on input line 228.

[7] [8]
Missing character: There is no Ð in font cmbx10!


LaTeX Warning: Citation `frazzoli2002' on page 9 undefined on input line 270.


LaTeX Warning: Citation `frazzoli2002' on page 9 undefined on input line 270.

[9]

LaTeX Warning: Citation `novatel' on page 10 undefined on input line 282.

[10]
LaTeX Font Info:    Font shape `OMS/cmr/m/n' in size <10.95> not available
(Font)              Font shape `OMS/cmsy/m/n' tried instead on input line 286.


LaTeX Warning: Reference `fig:indoorheli' on page 11 undefined on input line 31
8.


LaTeX Warning: Reference `fig:gpsinssensor' on page 11 undefined on input line 
318.


LaTeX Warning: Reference `fig:stereocamera' on page 11 undefined on input line 
318.

[11]
Missing character: There is no Õ in font cmr10!

Underfull \hbox (badness 10000) in paragraph at lines 336--337

 []

[12] [13]) [14]
(C:\andres\Code\eclipseWorkspace\nsfproposaltemplate\NSFmaster.aux
No file NSFsumm.aux.
(C:\andres\Code\eclipseWorkspace\nsfproposaltemplate\NSFdesc.aux)
No file NSFrefs.aux.
)

LaTeX Warning: There were undefined references.

 ) 
Here is how much of TeX's memory you used:
 3025 strings out of 494054
 37810 string characters out of 3148624
 112069 words of memory out of 3000000
 6297 multiletter control sequences out of 15000+200000
 10061 words of font info for 38 fonts, out of 3000000 for 9000
 715 hyphenation exceptions out of 8191
 27i,8n,24p,1892b,195s stack positions out of 5000i,500n,10000p,200000b,50000s

Output written on NSFmaster.dvi (14 pages, 67556 bytes).
